input params: 
Namespace(gpu_idx=0, logdir='grid_sampling_256/snowflake/my_experiment/', model_name='SINR_model', seed=3627473, shape_type='snowflake', n_samples=1000, n_point_total=30000, refine_epoch=0, model_dirpath='/mnt/3.5TB_WD/PycharmProjects/ZeroCurlShapes/models', parallel=False, num_epochs=1, lr=5e-05, grad_clip_norm=10.0, batch_size=1, n_points=15000, decoder_hidden_dim=128, encoder_hidden_dim=128, decoder_n_hidden_layers=4, nl='sine', latent_size=0, sphere_init_params=[1.6, 0.1], normalize_normal_loss=False, unsigned_n=True, unsigned_d=False, encoder_type='none', export_vis=False, loss_type='siren_wo_n_w_div', n_loss_type='cos', inter_loss_type='exp', sampler_prob='none', div_type='l1', grid_res=256, div_clamp=50, nonmnfld_sample_type='grid', div_decay='linear', div_decay_params=[100.0, 0.2, 100.0, 0.4, 0.0, 0.0], init_type='mfgi', pt_circle_path='/mnt/IronWolf/logs/DiBS/2D/grid_sampling_256/circle/siren/trained_models/line2d_model_model_9900.pth', loss_weights=[3000.0, 100.0, 100.0, 50.0, 100.0])
Number of parameters in the current model:298368
saving model to file :SINR_model_model_0.pth
Weights: [3000.0, 100.0, 100.0, 50.0, 100.0], lr=5.000e-05
Epoch: 0 [   0/1000 (0%)] Loss: 126.97577 = L_Mnfld: 44.15341 + L_NonMnfld: 22.85031 + L_Nrml: 38.25297 + L_Eknl: 49.97205 + L_Div: 10.00000
Epoch: 0 [   0/1000 (0%)] Unweighted L_s : L_Mnfld: 0.01472,  L_NonMnfld: 0.22850,  L_Nrml: 0.38253,  L_Eknl: 0.99944,  L_Div: 0.10000

Weights: [3000.0, 100.0, 100.0, 50.0, 100.0], lr=5.000e-05
Epoch: 0 [  25/1000 (2%)] Loss: 102.49789 = L_Mnfld: 20.37994 + L_NonMnfld: 17.90884 + L_Nrml: 39.20538 + L_Eknl: 48.60264 + L_Div: 15.60648
Epoch: 0 [  25/1000 (2%)] Unweighted L_s : L_Mnfld: 0.00679,  L_NonMnfld: 0.17909,  L_Nrml: 0.39205,  L_Eknl: 0.97205,  L_Div: 0.15606

saving model to file :SINR_model_model_50.pth
Weights: [3000.0, 100.0, 100.0, 50.0, 100.0], lr=5.000e-05
Epoch: 0 [  50/1000 (5%)] Loss: 90.53923 = L_Mnfld: 10.95004 + L_NonMnfld: 16.95703 + L_Nrml: 38.49809 + L_Eknl: 47.66268 + L_Div: 14.96948
Epoch: 0 [  50/1000 (5%)] Unweighted L_s : L_Mnfld: 0.00365,  L_NonMnfld: 0.16957,  L_Nrml: 0.38498,  L_Eknl: 0.95325,  L_Div: 0.14969

Weights: [3000.0, 100.0, 100.0, 50.0, 100.0], lr=5.000e-05
Epoch: 0 [  75/1000 (8%)] Loss: 87.39717 = L_Mnfld: 10.96767 + L_NonMnfld: 15.11583 + L_Nrml: 39.43810 + L_Eknl: 47.21146 + L_Div: 14.10221
Epoch: 0 [  75/1000 (8%)] Unweighted L_s : L_Mnfld: 0.00366,  L_NonMnfld: 0.15116,  L_Nrml: 0.39438,  L_Eknl: 0.94423,  L_Div: 0.14102

saving model to file :SINR_model_model_100.pth
Weights: [3000.0, 100.0, 100.0, 50.0, 100.0], lr=5.000e-05
Epoch: 0 [ 100/1000 (10%)] Loss: 87.16776 = L_Mnfld: 11.99690 + L_NonMnfld: 13.87387 + L_Nrml: 39.04847 + L_Eknl: 46.93622 + L_Div: 14.36077
Epoch: 0 [ 100/1000 (10%)] Unweighted L_s : L_Mnfld: 0.00400,  L_NonMnfld: 0.13874,  L_Nrml: 0.39048,  L_Eknl: 0.93872,  L_Div: 0.14361

Weights: [3000.0, 100.0, 100.0, 50.0, 100.0], lr=5.000e-05
Epoch: 0 [ 125/1000 (12%)] Loss: 84.23283 = L_Mnfld: 8.78447 + L_NonMnfld: 14.30955 + L_Nrml: 38.50905 + L_Eknl: 46.71732 + L_Div: 14.42149
Epoch: 0 [ 125/1000 (12%)] Unweighted L_s : L_Mnfld: 0.00293,  L_NonMnfld: 0.14310,  L_Nrml: 0.38509,  L_Eknl: 0.93435,  L_Div: 0.14421

saving model to file :SINR_model_model_150.pth
Weights: [3000.0, 100.0, 100.0, 50.0, 100.0], lr=5.000e-05
Epoch: 0 [ 150/1000 (15%)] Loss: 89.93052 = L_Mnfld: 14.51699 + L_NonMnfld: 14.21537 + L_Nrml: 37.59345 + L_Eknl: 46.39748 + L_Div: 14.80068
Epoch: 0 [ 150/1000 (15%)] Unweighted L_s : L_Mnfld: 0.00484,  L_NonMnfld: 0.14215,  L_Nrml: 0.37593,  L_Eknl: 0.92795,  L_Div: 0.14801

Weights: [3000.0, 100.0, 100.0, 50.0, 100.0], lr=5.000e-05
Epoch: 0 [ 175/1000 (18%)] Loss: 83.28030 = L_Mnfld: 8.21947 + L_NonMnfld: 13.83491 + L_Nrml: 36.47600 + L_Eknl: 46.35172 + L_Div: 14.87420
Epoch: 0 [ 175/1000 (18%)] Unweighted L_s : L_Mnfld: 0.00274,  L_NonMnfld: 0.13835,  L_Nrml: 0.36476,  L_Eknl: 0.92703,  L_Div: 0.14874

saving model to file :SINR_model_model_200.pth
Weights: [3000.0, 100.0, 100.0, 50.0, 100.0], lr=5.000e-05
Epoch: 0 [ 200/1000 (20%)] Loss: 82.95762 = L_Mnfld: 7.69720 + L_NonMnfld: 13.85533 + L_Nrml: 35.21113 + L_Eknl: 46.26054 + L_Div: 15.14455
Epoch: 0 [ 200/1000 (20%)] Unweighted L_s : L_Mnfld: 0.00257,  L_NonMnfld: 0.13855,  L_Nrml: 0.35211,  L_Eknl: 0.92521,  L_Div: 0.15145

Weights: [3000.0, 100.0, 100.0, 50.0, 88.0], lr=5.000e-05
Epoch: 0 [ 225/1000 (22%)] Loss: 81.37238 = L_Mnfld: 7.61335 + L_NonMnfld: 13.64073 + L_Nrml: 34.13290 + L_Eknl: 46.07225 + L_Div: 14.04606
Epoch: 0 [ 225/1000 (22%)] Unweighted L_s : L_Mnfld: 0.00254,  L_NonMnfld: 0.13641,  L_Nrml: 0.34133,  L_Eknl: 0.92145,  L_Div: 0.15961

saving model to file :SINR_model_model_250.pth
Weights: [3000.0, 100.0, 100.0, 50.0, 75.5], lr=5.000e-05
Epoch: 0 [ 250/1000 (25%)] Loss: 79.30735 = L_Mnfld: 8.45074 + L_NonMnfld: 12.81164 + L_Nrml: 33.22356 + L_Eknl: 45.77124 + L_Div: 12.27373
Epoch: 0 [ 250/1000 (25%)] Unweighted L_s : L_Mnfld: 0.00282,  L_NonMnfld: 0.12812,  L_Nrml: 0.33224,  L_Eknl: 0.91542,  L_Div: 0.16257

Weights: [3000.0, 100.0, 100.0, 50.0, 62.99999999999999], lr=5.000e-05
Epoch: 0 [ 275/1000 (28%)] Loss: 76.44817 = L_Mnfld: 7.48095 + L_NonMnfld: 12.43577 + L_Nrml: 32.16437 + L_Eknl: 45.50875 + L_Div: 11.02271
Epoch: 0 [ 275/1000 (28%)] Unweighted L_s : L_Mnfld: 0.00249,  L_NonMnfld: 0.12436,  L_Nrml: 0.32164,  L_Eknl: 0.91017,  L_Div: 0.17496

saving model to file :SINR_model_model_300.pth
Weights: [3000.0, 100.0, 100.0, 50.0, 50.50000000000001], lr=5.000e-05
Epoch: 0 [ 300/1000 (30%)] Loss: 74.25864 = L_Mnfld: 7.31502 + L_NonMnfld: 12.03676 + L_Nrml: 30.84286 + L_Eknl: 45.08331 + L_Div: 9.82356
Epoch: 0 [ 300/1000 (30%)] Unweighted L_s : L_Mnfld: 0.00244,  L_NonMnfld: 0.12037,  L_Nrml: 0.30843,  L_Eknl: 0.90167,  L_Div: 0.19453

Weights: [3000.0, 100.0, 100.0, 50.0, 38.0], lr=5.000e-05
Epoch: 0 [ 325/1000 (32%)] Loss: 75.67265 = L_Mnfld: 12.93485 + L_NonMnfld: 10.07971 + L_Nrml: 30.06508 + L_Eknl: 44.37160 + L_Div: 8.28647
Epoch: 0 [ 325/1000 (32%)] Unweighted L_s : L_Mnfld: 0.00431,  L_NonMnfld: 0.10080,  L_Nrml: 0.30065,  L_Eknl: 0.88743,  L_Div: 0.21807

saving model to file :SINR_model_model_350.pth
Weights: [3000.0, 100.0, 100.0, 50.0, 25.500000000000014], lr=5.000e-05
Epoch: 0 [ 350/1000 (35%)] Loss: 68.72802 = L_Mnfld: 9.16740 + L_NonMnfld: 9.91403 + L_Nrml: 31.30690 + L_Eknl: 44.18407 + L_Div: 5.46252
Epoch: 0 [ 350/1000 (35%)] Unweighted L_s : L_Mnfld: 0.00306,  L_NonMnfld: 0.09914,  L_Nrml: 0.31307,  L_Eknl: 0.88368,  L_Div: 0.21422

Weights: [3000.0, 100.0, 100.0, 50.0, 13.000000000000014], lr=5.000e-05
Epoch: 0 [ 375/1000 (38%)] Loss: 67.41759 = L_Mnfld: 11.81321 + L_NonMnfld: 8.82343 + L_Nrml: 30.30862 + L_Eknl: 43.33114 + L_Div: 3.44981
Epoch: 0 [ 375/1000 (38%)] Unweighted L_s : L_Mnfld: 0.00394,  L_NonMnfld: 0.08823,  L_Nrml: 0.30309,  L_Eknl: 0.86662,  L_Div: 0.26537

saving model to file :SINR_model_model_400.pth
Weights: [3000.0, 100.0, 100.0, 50.0, 0.5], lr=5.000e-05
Epoch: 0 [ 400/1000 (40%)] Loss: 60.19948 = L_Mnfld: 9.66412 + L_NonMnfld: 8.22871 + L_Nrml: 28.92857 + L_Eknl: 42.11933 + L_Div: 0.18732
Epoch: 0 [ 400/1000 (40%)] Unweighted L_s : L_Mnfld: 0.00322,  L_NonMnfld: 0.08229,  L_Nrml: 0.28929,  L_Eknl: 0.84239,  L_Div: 0.37463

Weights: [3000.0, 100.0, 100.0, 50.0, 0.0], lr=5.000e-05
Epoch: 0 [ 425/1000 (42%)] Loss: 58.75514 = L_Mnfld: 9.06550 + L_NonMnfld: 8.41918 + L_Nrml: 27.61102 + L_Eknl: 41.27046 + L_Div: 0.00000
Epoch: 0 [ 425/1000 (42%)] Unweighted L_s : L_Mnfld: 0.00302,  L_NonMnfld: 0.08419,  L_Nrml: 0.27611,  L_Eknl: 0.82541,  L_Div: 0.87364

saving model to file :SINR_model_model_450.pth
Weights: [3000.0, 100.0, 100.0, 50.0, 0.0], lr=5.000e-05
Epoch: 0 [ 450/1000 (45%)] Loss: 64.59254 = L_Mnfld: 18.30927 + L_NonMnfld: 6.98340 + L_Nrml: 26.39337 + L_Eknl: 39.29987 + L_Div: 0.00000
Epoch: 0 [ 450/1000 (45%)] Unweighted L_s : L_Mnfld: 0.00610,  L_NonMnfld: 0.06983,  L_Nrml: 0.26393,  L_Eknl: 0.78600,  L_Div: 1.33751

Weights: [3000.0, 100.0, 100.0, 50.0, 0.0], lr=5.000e-05
Epoch: 0 [ 475/1000 (48%)] Loss: 53.70545 = L_Mnfld: 11.04696 + L_NonMnfld: 6.37396 + L_Nrml: 25.81091 + L_Eknl: 36.28453 + L_Div: 0.00000
Epoch: 0 [ 475/1000 (48%)] Unweighted L_s : L_Mnfld: 0.00368,  L_NonMnfld: 0.06374,  L_Nrml: 0.25811,  L_Eknl: 0.72569,  L_Div: 1.97742

saving model to file :SINR_model_model_500.pth
Weights: [3000.0, 100.0, 100.0, 50.0, 0.0], lr=5.000e-05
Epoch: 0 [ 500/1000 (50%)] Loss: 51.31299 = L_Mnfld: 12.30619 + L_NonMnfld: 5.36400 + L_Nrml: 24.84637 + L_Eknl: 33.64280 + L_Div: 0.00000
Epoch: 0 [ 500/1000 (50%)] Unweighted L_s : L_Mnfld: 0.00410,  L_NonMnfld: 0.05364,  L_Nrml: 0.24846,  L_Eknl: 0.67286,  L_Div: 2.86405

Weights: [3000.0, 100.0, 100.0, 50.0, 0.0], lr=5.000e-05
Epoch: 0 [ 525/1000 (52%)] Loss: 46.25409 = L_Mnfld: 13.00311 + L_NonMnfld: 4.26110 + L_Nrml: 23.76469 + L_Eknl: 28.98988 + L_Div: 0.00000
Epoch: 0 [ 525/1000 (52%)] Unweighted L_s : L_Mnfld: 0.00433,  L_NonMnfld: 0.04261,  L_Nrml: 0.23765,  L_Eknl: 0.57980,  L_Div: 3.74799

saving model to file :SINR_model_model_550.pth
Weights: [3000.0, 100.0, 100.0, 50.0, 0.0], lr=5.000e-05
Epoch: 0 [ 550/1000 (55%)] Loss: 49.29505 = L_Mnfld: 18.89258 + L_NonMnfld: 3.73026 + L_Nrml: 23.33340 + L_Eknl: 26.67221 + L_Div: 0.00000
Epoch: 0 [ 550/1000 (55%)] Unweighted L_s : L_Mnfld: 0.00630,  L_NonMnfld: 0.03730,  L_Nrml: 0.23333,  L_Eknl: 0.53344,  L_Div: 4.55601

Weights: [3000.0, 100.0, 100.0, 50.0, 0.0], lr=5.000e-05
Epoch: 0 [ 575/1000 (58%)] Loss: 40.03307 = L_Mnfld: 10.54355 + L_NonMnfld: 4.76219 + L_Nrml: 24.62858 + L_Eknl: 24.72733 + L_Div: 0.00000
Epoch: 0 [ 575/1000 (58%)] Unweighted L_s : L_Mnfld: 0.00351,  L_NonMnfld: 0.04762,  L_Nrml: 0.24629,  L_Eknl: 0.49455,  L_Div: 5.45287

saving model to file :SINR_model_model_600.pth
Weights: [3000.0, 100.0, 100.0, 50.0, 0.0], lr=5.000e-05
Epoch: 0 [ 600/1000 (60%)] Loss: 35.44636 = L_Mnfld: 8.77041 + L_NonMnfld: 4.02151 + L_Nrml: 26.16223 + L_Eknl: 22.65444 + L_Div: 0.00000
Epoch: 0 [ 600/1000 (60%)] Unweighted L_s : L_Mnfld: 0.00292,  L_NonMnfld: 0.04022,  L_Nrml: 0.26162,  L_Eknl: 0.45309,  L_Div: 5.99753

Weights: [3000.0, 100.0, 100.0, 50.0, 0.0], lr=5.000e-05
Epoch: 0 [ 625/1000 (62%)] Loss: 35.78648 = L_Mnfld: 11.35663 + L_NonMnfld: 3.84206 + L_Nrml: 25.93390 + L_Eknl: 20.58779 + L_Div: 0.00000
Epoch: 0 [ 625/1000 (62%)] Unweighted L_s : L_Mnfld: 0.00379,  L_NonMnfld: 0.03842,  L_Nrml: 0.25934,  L_Eknl: 0.41176,  L_Div: 6.64029

saving model to file :SINR_model_model_650.pth
Weights: [3000.0, 100.0, 100.0, 50.0, 0.0], lr=5.000e-05
Epoch: 0 [ 650/1000 (65%)] Loss: 33.68237 = L_Mnfld: 10.94269 + L_NonMnfld: 3.71745 + L_Nrml: 25.69176 + L_Eknl: 19.02223 + L_Div: 0.00000
Epoch: 0 [ 650/1000 (65%)] Unweighted L_s : L_Mnfld: 0.00365,  L_NonMnfld: 0.03717,  L_Nrml: 0.25692,  L_Eknl: 0.38044,  L_Div: 7.07947

Weights: [3000.0, 100.0, 100.0, 50.0, 0.0], lr=5.000e-05
Epoch: 0 [ 675/1000 (68%)] Loss: 31.87620 = L_Mnfld: 10.21732 + L_NonMnfld: 3.77873 + L_Nrml: 25.74297 + L_Eknl: 17.88014 + L_Div: 0.00000
Epoch: 0 [ 675/1000 (68%)] Unweighted L_s : L_Mnfld: 0.00341,  L_NonMnfld: 0.03779,  L_Nrml: 0.25743,  L_Eknl: 0.35760,  L_Div: 7.27774

saving model to file :SINR_model_model_700.pth
Weights: [3000.0, 100.0, 100.0, 50.0, 0.0], lr=5.000e-05
Epoch: 0 [ 700/1000 (70%)] Loss: 31.23533 = L_Mnfld: 10.34760 + L_NonMnfld: 3.56825 + L_Nrml: 25.02546 + L_Eknl: 17.31949 + L_Div: 0.00000
Epoch: 0 [ 700/1000 (70%)] Unweighted L_s : L_Mnfld: 0.00345,  L_NonMnfld: 0.03568,  L_Nrml: 0.25025,  L_Eknl: 0.34639,  L_Div: 7.38340

Weights: [3000.0, 100.0, 100.0, 50.0, 0.0], lr=5.000e-05
Epoch: 0 [ 725/1000 (72%)] Loss: 29.89934 = L_Mnfld: 10.38772 + L_NonMnfld: 3.50672 + L_Nrml: 23.83440 + L_Eknl: 16.00489 + L_Div: 0.00000
Epoch: 0 [ 725/1000 (72%)] Unweighted L_s : L_Mnfld: 0.00346,  L_NonMnfld: 0.03507,  L_Nrml: 0.23834,  L_Eknl: 0.32010,  L_Div: 7.51949

saving model to file :SINR_model_model_750.pth
Weights: [3000.0, 100.0, 100.0, 50.0, 0.0], lr=5.000e-05
Epoch: 0 [ 750/1000 (75%)] Loss: 31.49823 = L_Mnfld: 13.24126 + L_NonMnfld: 3.13698 + L_Nrml: 22.11773 + L_Eknl: 15.11999 + L_Div: 0.00000
Epoch: 0 [ 750/1000 (75%)] Unweighted L_s : L_Mnfld: 0.00441,  L_NonMnfld: 0.03137,  L_Nrml: 0.22118,  L_Eknl: 0.30240,  L_Div: 7.60520

Weights: [3000.0, 100.0, 100.0, 50.0, 0.0], lr=5.000e-05
Epoch: 0 [ 775/1000 (78%)] Loss: 30.03574 = L_Mnfld: 11.81636 + L_NonMnfld: 3.35557 + L_Nrml: 21.53435 + L_Eknl: 14.86381 + L_Div: 0.00000
Epoch: 0 [ 775/1000 (78%)] Unweighted L_s : L_Mnfld: 0.00394,  L_NonMnfld: 0.03356,  L_Nrml: 0.21534,  L_Eknl: 0.29728,  L_Div: 7.69566

saving model to file :SINR_model_model_800.pth
Weights: [3000.0, 100.0, 100.0, 50.0, 0.0], lr=5.000e-05
Epoch: 0 [ 800/1000 (80%)] Loss: 34.61572 = L_Mnfld: 16.86432 + L_NonMnfld: 3.13531 + L_Nrml: 23.04707 + L_Eknl: 14.61610 + L_Div: 0.00000
Epoch: 0 [ 800/1000 (80%)] Unweighted L_s : L_Mnfld: 0.00562,  L_NonMnfld: 0.03135,  L_Nrml: 0.23047,  L_Eknl: 0.29232,  L_Div: 7.75097

Weights: [3000.0, 100.0, 100.0, 50.0, 0.0], lr=5.000e-05
Epoch: 0 [ 825/1000 (82%)] Loss: 28.33783 = L_Mnfld: 10.91731 + L_NonMnfld: 3.06313 + L_Nrml: 20.52962 + L_Eknl: 14.35740 + L_Div: 0.00000
Epoch: 0 [ 825/1000 (82%)] Unweighted L_s : L_Mnfld: 0.00364,  L_NonMnfld: 0.03063,  L_Nrml: 0.20530,  L_Eknl: 0.28715,  L_Div: 7.69764

saving model to file :SINR_model_model_850.pth
Weights: [3000.0, 100.0, 100.0, 50.0, 0.0], lr=5.000e-05
Epoch: 0 [ 850/1000 (85%)] Loss: 33.58254 = L_Mnfld: 17.41152 + L_NonMnfld: 2.50677 + L_Nrml: 20.29184 + L_Eknl: 13.66425 + L_Div: 0.00000
Epoch: 0 [ 850/1000 (85%)] Unweighted L_s : L_Mnfld: 0.00580,  L_NonMnfld: 0.02507,  L_Nrml: 0.20292,  L_Eknl: 0.27329,  L_Div: 7.75423

Weights: [3000.0, 100.0, 100.0, 50.0, 0.0], lr=5.000e-05
Epoch: 0 [ 875/1000 (88%)] Loss: 30.23461 = L_Mnfld: 13.05583 + L_NonMnfld: 3.21802 + L_Nrml: 20.82832 + L_Eknl: 13.96076 + L_Div: 0.00000
Epoch: 0 [ 875/1000 (88%)] Unweighted L_s : L_Mnfld: 0.00435,  L_NonMnfld: 0.03218,  L_Nrml: 0.20828,  L_Eknl: 0.27922,  L_Div: 7.85862

saving model to file :SINR_model_model_900.pth
Weights: [3000.0, 100.0, 100.0, 50.0, 0.0], lr=5.000e-05
Epoch: 0 [ 900/1000 (90%)] Loss: 30.79413 = L_Mnfld: 14.60703 + L_NonMnfld: 2.95030 + L_Nrml: 20.21888 + L_Eknl: 13.23680 + L_Div: 0.00000
Epoch: 0 [ 900/1000 (90%)] Unweighted L_s : L_Mnfld: 0.00487,  L_NonMnfld: 0.02950,  L_Nrml: 0.20219,  L_Eknl: 0.26474,  L_Div: 7.74785

Weights: [3000.0, 100.0, 100.0, 50.0, 0.0], lr=5.000e-05
Epoch: 0 [ 925/1000 (92%)] Loss: 34.65223 = L_Mnfld: 18.78974 + L_NonMnfld: 3.08150 + L_Nrml: 19.71067 + L_Eknl: 12.78099 + L_Div: 0.00000
Epoch: 0 [ 925/1000 (92%)] Unweighted L_s : L_Mnfld: 0.00626,  L_NonMnfld: 0.03082,  L_Nrml: 0.19711,  L_Eknl: 0.25562,  L_Div: 7.93543

saving model to file :SINR_model_model_950.pth
Weights: [3000.0, 100.0, 100.0, 50.0, 0.0], lr=5.000e-05
Epoch: 0 [ 950/1000 (95%)] Loss: 24.87317 = L_Mnfld: 8.92559 + L_NonMnfld: 3.06128 + L_Nrml: 19.53182 + L_Eknl: 12.88630 + L_Div: 0.00000
Epoch: 0 [ 950/1000 (95%)] Unweighted L_s : L_Mnfld: 0.00298,  L_NonMnfld: 0.03061,  L_Nrml: 0.19532,  L_Eknl: 0.25773,  L_Div: 7.88652

Weights: [3000.0, 100.0, 100.0, 50.0, 0.0], lr=5.000e-05
Epoch: 0 [ 975/1000 (98%)] Loss: 31.09782 = L_Mnfld: 13.80977 + L_NonMnfld: 3.25086 + L_Nrml: 18.20434 + L_Eknl: 14.03719 + L_Div: 0.00000
Epoch: 0 [ 975/1000 (98%)] Unweighted L_s : L_Mnfld: 0.00460,  L_NonMnfld: 0.03251,  L_Nrml: 0.18204,  L_Eknl: 0.28074,  L_Div: 7.71005

saving model to file :SINR_model_model_1000.pth
